#
# There is insufficient memory for the Java Runtime Environment to continue.
# Native memory allocation (mmap) failed to map 268435456 bytes for Failed to commit area from 0x0000000701c00000 to 0x0000000711c00000 of length 268435456.
# Possible reasons:
#   The system is out of physical RAM or swap space
#   The process is running with CompressedOops enabled, and the Java Heap may be blocking the growth of the native heap
# Possible solutions:
#   Reduce memory load on the system
#   Increase physical memory or swap space
#   Check if swap backing store is full
#   Decrease Java heap size (-Xmx/-Xms)
#   Decrease number of Java threads
#   Decrease Java thread stack sizes (-Xss)
#   Set larger code cache with -XX:ReservedCodeCacheSize=
# This output file may be truncated or incomplete.
#
#  Out of Memory Error (./src/hotspot/os/windows/os_windows.cpp:3301), pid=17924, tid=32524
#
# JRE version:  (11.0.10+9) (build )
# Java VM: OpenJDK 64-Bit Server VM (11.0.10+9, mixed mode, sharing, tiered, compressed oops, g1 gc, windows-amd64)
# No core dump will be written. Minidumps are not enabled by default on client versions of Windows
#

---------------  S U M M A R Y ------------

Command Line: PatientManagment.testHarness

Host: Intel(R) Core(TM) i7-8550U CPU @ 1.80GHz, 8 cores, 15G,  Windows 10 , 64 bit Build 19041 (10.0.19041.1889)
Time: Wed Nov  9 18:39:21 2022 Eastern Standard Time elapsed time: 0.027960 seconds (0d 0h 0m 0s)

---------------  T H R E A D  ---------------

Current thread (0x000001cb04eda800):  JavaThread "Unknown thread" [_thread_in_vm, id=32524, stack(0x000000627c200000,0x000000627c300000)]

Stack: [0x000000627c200000,0x000000627c300000]
Native frames: (J=compiled Java code, j=interpreted, Vv=VM code, C=native code)
V  [jvm.dll+0x5f35ea]
V  [jvm.dll+0x77c65e]
V  [jvm.dll+0x77dd2f]
V  [jvm.dll+0x77e3f3]
V  [jvm.dll+0x246c38]
V  [jvm.dll+0x5f079a]
V  [jvm.dll+0x5e53c5]
V  [jvm.dll+0x2fba4c]
V  [jvm.dll+0x2fb8d2]
V  [jvm.dll+0x300586]
V  [jvm.dll+0x344cff]
V  [jvm.dll+0x344730]
V  [jvm.dll+0x2d8cb8]
V  [jvm.dll+0x2d9e06]
V  [jvm.dll+0x757c77]
V  [jvm.dll+0x7593ff]
V  [jvm.dll+0x351a59]
V  [jvm.dll+0x73aea0]
V  [jvm.dll+0x3b929f]
V  [jvm.dll+0x3bb7a1]
C  [jli.dll+0x520b]
C  [ucrtbase.dll+0x21bb2]
C  [KERNEL32.DLL+0x17034]
C  [ntdll.dll+0x526a1]


---------------  P R O C E S S  ---------------

Threads class SMR info:
_java_thread_list=0x000001cb035110d0, length=0, elements={
}

Java Threads: ( => current thread )

Other Threads:
  0x000001cb04ef2800 GCTaskThread "GC Thread#0" [stack: 0x000000627c300000,0x000000627c400000] [id=10248]
  0x000001cb04f51800 ConcurrentGCThread "G1 Main Marker" [stack: 0x000000627c400000,0x000000627c500000] [id=23336]
  0x000001cb04f53000 ConcurrentGCThread "G1 Conc#0" [stack: 0x000000627c500000,0x000000627c600000] [id=26812]

[error occurred during error reporting (printing all threads), id 0xc0000005, EXCEPTION_ACCESS_VIOLATION (0xc0000005) at pc=0x00007ff946df8337]

VM state:not at safepoint (not fully initialized)

VM Mutex/Monitor currently owned by a thread:  ([mutex/lock_event])
[0x000001cb04ed61c0] Heap_lock - owner thread: 0x000001cb04eda800

Heap address: 0x0000000701c00000, size: 4068 MB, Compressed Oops mode: Non-zero based: 0x0000000701c00000
Narrow klass base: 0x0000000000000000, Narrow klass shift: 0

GC Heap History (0 events):
No events

Deoptimization events (0 events):
No events

Classes redefined (0 events):
No events

Internal exceptions (0 events):
No events

Events (1 events):
Event: 0.013 Loaded shared library C:\Program Files\AdoptOpenJDK\jdk-11.0.10.9-hotspot\bin\zip.dll


Dynamic libraries:
0x00007ff7f76c0000 - 0x00007ff7f76cd000 	C:\Program Files\AdoptOpenJDK\jdk-11.0.10.9-hotspot\bin\java.exe
0x00007ff9c4630000 - 0x00007ff9c4828000 	C:\WINDOWS\SYSTEM32\ntdll.dll
0x00007ff9c3080000 - 0x00007ff9c313d000 	C:\WINDOWS\System32\KERNEL32.DLL
0x00007ff9c2080000 - 0x00007ff9c2352000 	C:\WINDOWS\System32\KERNELBASE.dll
0x00007ff9c2460000 - 0x00007ff9c2560000 	C:\WINDOWS\System32\ucrtbase.dll
0x00007ff9983c0000 - 0x00007ff9983d7000 	C:\Program Files\AdoptOpenJDK\jdk-11.0.10.9-hotspot\bin\jli.dll
0x00007ff9982e0000 - 0x00007ff9982f5000 	C:\Program Files\AdoptOpenJDK\jdk-11.0.10.9-hotspot\bin\VCRUNTIME140.dll
0x00007ff9c2d20000 - 0x00007ff9c2ebd000 	C:\WINDOWS\System32\USER32.dll
0x00007ff9c1ea0000 - 0x00007ff9c1ec2000 	C:\WINDOWS\System32\win32u.dll
0x00007ff9aa080000 - 0x00007ff9aa31a000 	C:\WINDOWS\WinSxS\amd64_microsoft.windows.common-controls_6595b64144ccf1df_6.0.19041.1110_none_60b5254171f9507e\COMCTL32.dll
0x00007ff9c4550000 - 0x00007ff9c457b000 	C:\WINDOWS\System32\GDI32.dll
0x00007ff9c2930000 - 0x00007ff9c29ce000 	C:\WINDOWS\System32\msvcrt.dll
0x00007ff9c1f70000 - 0x00007ff9c207f000 	C:\WINDOWS\System32\gdi32full.dll
0x00007ff9c1ed0000 - 0x00007ff9c1f6d000 	C:\WINDOWS\System32\msvcp_win.dll
0x00007ff9c3140000 - 0x00007ff9c3170000 	C:\WINDOWS\System32\IMM32.DLL
0x00007ff980df0000 - 0x00007ff980e8b000 	C:\Program Files\AdoptOpenJDK\jdk-11.0.10.9-hotspot\bin\msvcp140.dll
0x00007ff946b10000 - 0x00007ff947653000 	C:\Program Files\AdoptOpenJDK\jdk-11.0.10.9-hotspot\bin\server\jvm.dll
0x00007ff9c2690000 - 0x00007ff9c273e000 	C:\WINDOWS\System32\ADVAPI32.dll
0x00007ff9c2810000 - 0x00007ff9c28ac000 	C:\WINDOWS\System32\sechost.dll
0x00007ff9c2b80000 - 0x00007ff9c2ca5000 	C:\WINDOWS\System32\RPCRT4.dll
0x00007ff9c2d10000 - 0x00007ff9c2d18000 	C:\WINDOWS\System32\PSAPI.DLL
0x00007ff9aa070000 - 0x00007ff9aa079000 	C:\WINDOWS\SYSTEM32\WSOCK32.dll
0x00007ff9a5760000 - 0x00007ff9a5787000 	C:\WINDOWS\SYSTEM32\WINMM.dll
0x00007ff9b7090000 - 0x00007ff9b709a000 	C:\WINDOWS\SYSTEM32\VERSION.dll
0x00007ff9c3580000 - 0x00007ff9c35eb000 	C:\WINDOWS\System32\WS2_32.dll
0x00007ff9c0550000 - 0x00007ff9c0562000 	C:\WINDOWS\SYSTEM32\kernel.appcore.dll
0x00007ff9a7b20000 - 0x00007ff9a7b30000 	C:\Program Files\AdoptOpenJDK\jdk-11.0.10.9-hotspot\bin\verify.dll
0x00007ff9bfab0000 - 0x00007ff9bfc94000 	C:\WINDOWS\SYSTEM32\DBGHELP.DLL
0x00007ff9ab040000 - 0x00007ff9ab06c000 	C:\WINDOWS\SYSTEM32\dbgcore.DLL
0x00007ff9c23d0000 - 0x00007ff9c2452000 	C:\WINDOWS\System32\bcryptPrimitives.dll
0x00007ff995560000 - 0x00007ff995588000 	C:\Program Files\AdoptOpenJDK\jdk-11.0.10.9-hotspot\bin\java.dll
0x00007ff9a7ae0000 - 0x00007ff9a7aea000 	C:\Program Files\AdoptOpenJDK\jdk-11.0.10.9-hotspot\bin\jimage.dll
0x00007ff996070000 - 0x00007ff996087000 	C:\Program Files\AdoptOpenJDK\jdk-11.0.10.9-hotspot\bin\zip.dll

dbghelp: loaded successfully - version: 4.0.5 - missing functions: none
symbol engine: initialized successfully - sym options: 0x614 - pdb path: .;C:\Program Files\AdoptOpenJDK\jdk-11.0.10.9-hotspot\bin;C:\WINDOWS\SYSTEM32;C:\WINDOWS\WinSxS\amd64_microsoft.windows.common-controls_6595b64144ccf1df_6.0.19041.1110_none_60b5254171f9507e;C:\Program Files\AdoptOpenJDK\jdk-11.0.10.9-hotspot\bin\server

VM Arguments:
java_command: PatientManagment.testHarness
java_class_path (initial): C:\Users\Ethan\AppData\Roaming\Code\User\workspaceStorage\76fa4a8eb13f1bf691be47243f2a7396\redhat.java\jdt_ws\jdt.ls-java-project\bin
Launcher Type: SUN_STANDARD

[Global flags]
     intx CICompilerCount                          = 4                                         {product} {ergonomic}
     uint ConcGCThreads                            = 2                                         {product} {ergonomic}
     uint G1ConcRefinementThreads                  = 8                                         {product} {ergonomic}
   size_t G1HeapRegionSize                         = 1048576                                   {product} {ergonomic}
    uintx GCDrainStackTargetSize                   = 64                                        {product} {ergonomic}
   size_t InitialHeapSize                          = 268435456                                 {product} {ergonomic}
   size_t MarkStackSize                            = 4194304                                   {product} {ergonomic}
   size_t MaxHeapSize                              = 4265607168                                {product} {ergonomic}
   size_t MinHeapDeltaBytes                        = 1048576                                   {product} {ergonomic}
    uintx NonNMethodCodeHeapSize                   = 5836300                                {pd product} {ergonomic}
    uintx NonProfiledCodeHeapSize                  = 122910970                              {pd product} {ergonomic}
    uintx ProfiledCodeHeapSize                     = 122910970                              {pd product} {ergonomic}
    uintx ReservedCodeCacheSize                    = 251658240                              {pd product} {ergonomic}
     bool SegmentedCodeCache                       = true                                      {product} {ergonomic}
     bool UseCompressedClassPointers               = true                                 {lp64_product} {ergonomic}
     bool UseCompressedOops                        = true                                 {lp64_product} {ergonomic}
     bool UseG1GC                                  = true                                      {product} {ergonomic}
     bool UseLargePagesIndividualAllocation        = false                                  {pd product} {ergonomic}

Logging:
Log output configuration:
 #0: stdout all=warning uptime,level,tags
 #1: stderr all=off uptime,level,tags

Environment Variables:
JAVA_HOME=C:\Program Files\AdoptOpenJDK\jdk-11.0.10.9-hotspot
PATH=C:\Program Files (x86)\Microsoft SDKs\Azure\CLI2\wbin;D:\bin\;C:\Program Files\AdoptOpenJDK\jdk-11.0.10.9-hotspot\bin;C:\Program Files (x86)\Common Files\Oracle\Java\javapath;C:\Program Files (x86)\Intel\iCLS Client\;C:\Program Files\Intel\iCLS Client\;C:\windows\system32;C:\windows;C:\windows\System32\Wbem;C:\windows\System32\WindowsPowerShell\v1.0\;C:\Program Files (x86)\Intel\Intel(R) Management Engine Components\DAL;C:\Program Files\Intel\Intel(R) Management Engine Components\DAL;C:\Program Files (x86)\Intel\Intel(R) Management Engine Components\IPT;C:\Program Files\Intel\Intel(R) Management Engine Components\IPT;C:\Program Files (x86)\NVIDIA Corporation\PhysX\Common;C:\WINDOWS\system32;C:\WINDOWS;C:\WINDOWS\System32\Wbem;C:\WINDOWS\System32\WindowsPowerShell\v1.0\;C:\WINDOWS\System32\OpenSSH\;C:\Program Files\PuTTY\;D:\Git\cmd;C:\Users\Ethan\Terraform;;C:\Program Files\Docker\Docker\resources\bin;D:\Nodejs\;C:\Users\Ethan\AppData\Local\Microsoft\WindowsApps;C:\Users\Ethan\AppData\Local\Programs\Microsoft VS Code\bin;C:\Program Files\JetBrains\IntelliJ IDEA Community Edition 2021.1.1\bin;;C:\Users\Ethan\AppData\Local\GitHubDesktop\bin;C:\Users\Ethan\Terraform;C:\Users\Ethan\AppData\Roaming\npm
USERNAME=Ethan
LANG=en_US.UTF-8
OS=Windows_NT
PROCESSOR_IDENTIFIER=Intel64 Family 6 Model 142 Stepping 10, GenuineIntel



---------------  S Y S T E M  ---------------

OS: Windows 10 , 64 bit Build 19041 (10.0.19041.1889)
OS uptime: 12 days 23:53 hours
Hyper-V role detected

CPU:total 8 (initial active 8) (4 cores per cpu, 2 threads per core) family 6 model 142 stepping 10 microcode 0xb4, cmov, cx8, fxsr, mmx, sse, sse2, sse3, ssse3, sse4.1, sse4.2, popcnt, avx, avx2, aes, clmul, erms, 3dnowpref, lzcnt, ht, tsc, tscinvbit, bmi1, bmi2, adx, fma

Memory: 4k page, system-wide physical 16269M (3145M free)
TotalPageFile size 25896M (AvailPageFile size 41M)
current process WorkingSet (physical memory assigned to process): 10M, peak: 10M
current process commit charge ("private bytes"): 60M, peak: 316M

vm_info: OpenJDK 64-Bit Server VM (11.0.10+9) for windows-amd64 JRE (11.0.10+9), built on Jan 20 2021 06:07:07 by "" with MS VC++ 15.9 (VS2017)

END.
